{"/Users/brenton/Code/projects/brenton-store/src/index.js": {"path":"/Users/brenton/Code/projects/brenton-store/src/index.js","statementMap":{"0":{"start":{"line":1,"column":18},"end":{"line":1,"column":45}},"1":{"start":{"line":3,"column":16},"end":{"line":3,"column":81}},"2":{"start":{"line":3,"column":25},"end":{"line":3,"column":81}},"3":{"start":{"line":5,"column":20},"end":{"line":121,"column":1}},"4":{"start":{"line":6,"column":16},"end":{"line":6,"column":34}},"5":{"start":{"line":8,"column":26},"end":{"line":8,"column":28}},"6":{"start":{"line":10,"column":21},"end":{"line":10,"column":43}},"7":{"start":{"line":10,"column":27},"end":{"line":10,"column":43}},"8":{"start":{"line":12,"column":23},"end":{"line":22,"column":5}},"9":{"start":{"line":13,"column":8},"end":{"line":19,"column":9}},"10":{"start":{"line":16,"column":29},"end":{"line":16,"column":52}},"11":{"start":{"line":18,"column":12},"end":{"line":18,"column":112}},"12":{"start":{"line":21,"column":8},"end":{"line":21,"column":64}},"13":{"start":{"line":21,"column":42},"end":{"line":21,"column":51}},"14":{"start":{"line":24,"column":17},"end":{"line":32,"column":5}},"15":{"start":{"line":25,"column":8},"end":{"line":27,"column":9}},"16":{"start":{"line":26,"column":12},"end":{"line":26,"column":92}},"17":{"start":{"line":29,"column":8},"end":{"line":31,"column":9}},"18":{"start":{"line":30,"column":12},"end":{"line":30,"column":98}},"19":{"start":{"line":30,"column":66},"end":{"line":30,"column":97}},"20":{"start":{"line":34,"column":19},"end":{"line":47,"column":5}},"21":{"start":{"line":35,"column":8},"end":{"line":37,"column":9}},"22":{"start":{"line":36,"column":12},"end":{"line":36,"column":92}},"23":{"start":{"line":39,"column":26},"end":{"line":39,"column":36}},"24":{"start":{"line":40,"column":26},"end":{"line":40,"column":44}},"25":{"start":{"line":42,"column":8},"end":{"line":42,"column":25}},"26":{"start":{"line":44,"column":8},"end":{"line":46,"column":9}},"27":{"start":{"line":45,"column":12},"end":{"line":45,"column":96}},"28":{"start":{"line":45,"column":66},"end":{"line":45,"column":95}},"29":{"start":{"line":49,"column":21},"end":{"line":85,"column":5}},"30":{"start":{"line":50,"column":8},"end":{"line":56,"column":9}},"31":{"start":{"line":53,"column":29},"end":{"line":53,"column":52}},"32":{"start":{"line":55,"column":12},"end":{"line":55,"column":112}},"33":{"start":{"line":58,"column":8},"end":{"line":60,"column":9}},"34":{"start":{"line":59,"column":12},"end":{"line":59,"column":92}},"35":{"start":{"line":62,"column":26},"end":{"line":62,"column":36}},"36":{"start":{"line":63,"column":25},"end":{"line":63,"column":35}},"37":{"start":{"line":65,"column":28},"end":{"line":65,"column":49}},"38":{"start":{"line":66,"column":27},"end":{"line":76,"column":20}},"39":{"start":{"line":67,"column":12},"end":{"line":69,"column":13}},"40":{"start":{"line":68,"column":16},"end":{"line":68,"column":41}},"41":{"start":{"line":71,"column":12},"end":{"line":73,"column":13}},"42":{"start":{"line":72,"column":16},"end":{"line":72,"column":34}},"43":{"start":{"line":75,"column":12},"end":{"line":75,"column":39}},"44":{"start":{"line":78,"column":8},"end":{"line":78,"column":52}},"45":{"start":{"line":80,"column":8},"end":{"line":80,"column":24}},"46":{"start":{"line":82,"column":8},"end":{"line":84,"column":9}},"47":{"start":{"line":83,"column":12},"end":{"line":83,"column":97}},"48":{"start":{"line":83,"column":66},"end":{"line":83,"column":96}},"49":{"start":{"line":87,"column":22},"end":{"line":111,"column":5}},"50":{"start":{"line":88,"column":8},"end":{"line":90,"column":9}},"51":{"start":{"line":89,"column":12},"end":{"line":89,"column":92}},"52":{"start":{"line":92,"column":8},"end":{"line":94,"column":9}},"53":{"start":{"line":93,"column":12},"end":{"line":93,"column":103}},"54":{"start":{"line":96,"column":8},"end":{"line":98,"column":9}},"55":{"start":{"line":97,"column":12},"end":{"line":97,"column":36}},"56":{"start":{"line":100,"column":18},"end":{"line":100,"column":19}},"57":{"start":{"line":102,"column":8},"end":{"line":104,"column":9}},"58":{"start":{"line":103,"column":12},"end":{"line":103,"column":20}},"59":{"start":{"line":106,"column":8},"end":{"line":106,"column":42}},"60":{"start":{"line":108,"column":8},"end":{"line":108,"column":64}},"61":{"start":{"line":108,"column":33},"end":{"line":108,"column":64}},"62":{"start":{"line":110,"column":8},"end":{"line":110,"column":19}},"63":{"start":{"line":113,"column":4},"end":{"line":120,"column":5}}},"fnMap":{"0":{"name":"(anonymous_0)","decl":{"start":{"line":3,"column":16},"end":{"line":3,"column":17}},"loc":{"start":{"line":3,"column":25},"end":{"line":3,"column":81}},"line":3},"1":{"name":"(anonymous_1)","decl":{"start":{"line":5,"column":20},"end":{"line":5,"column":21}},"loc":{"start":{"line":5,"column":44},"end":{"line":121,"column":1}},"line":5},"2":{"name":"(anonymous_2)","decl":{"start":{"line":10,"column":21},"end":{"line":10,"column":22}},"loc":{"start":{"line":10,"column":27},"end":{"line":10,"column":43}},"line":10},"3":{"name":"(anonymous_3)","decl":{"start":{"line":12,"column":23},"end":{"line":12,"column":24}},"loc":{"start":{"line":12,"column":33},"end":{"line":22,"column":5}},"line":12},"4":{"name":"(anonymous_4)","decl":{"start":{"line":16,"column":22},"end":{"line":16,"column":23}},"loc":{"start":{"line":16,"column":29},"end":{"line":16,"column":52}},"line":16},"5":{"name":"(anonymous_5)","decl":{"start":{"line":21,"column":27},"end":{"line":21,"column":28}},"loc":{"start":{"line":21,"column":42},"end":{"line":21,"column":51}},"line":21},"6":{"name":"(anonymous_6)","decl":{"start":{"line":24,"column":17},"end":{"line":24,"column":18}},"loc":{"start":{"line":24,"column":27},"end":{"line":32,"column":5}},"line":24},"7":{"name":"(anonymous_7)","decl":{"start":{"line":30,"column":55},"end":{"line":30,"column":56}},"loc":{"start":{"line":30,"column":66},"end":{"line":30,"column":97}},"line":30},"8":{"name":"(anonymous_8)","decl":{"start":{"line":34,"column":19},"end":{"line":34,"column":20}},"loc":{"start":{"line":34,"column":38},"end":{"line":47,"column":5}},"line":34},"9":{"name":"(anonymous_9)","decl":{"start":{"line":45,"column":55},"end":{"line":45,"column":56}},"loc":{"start":{"line":45,"column":66},"end":{"line":45,"column":95}},"line":45},"10":{"name":"(anonymous_10)","decl":{"start":{"line":49,"column":21},"end":{"line":49,"column":22}},"loc":{"start":{"line":49,"column":46},"end":{"line":85,"column":5}},"line":49},"11":{"name":"(anonymous_11)","decl":{"start":{"line":53,"column":22},"end":{"line":53,"column":23}},"loc":{"start":{"line":53,"column":29},"end":{"line":53,"column":52}},"line":53},"12":{"name":"(anonymous_12)","decl":{"start":{"line":66,"column":39},"end":{"line":66,"column":40}},"loc":{"start":{"line":66,"column":68},"end":{"line":76,"column":9}},"line":66},"13":{"name":"(anonymous_13)","decl":{"start":{"line":83,"column":55},"end":{"line":83,"column":56}},"loc":{"start":{"line":83,"column":66},"end":{"line":83,"column":96}},"line":83},"14":{"name":"(anonymous_14)","decl":{"start":{"line":87,"column":22},"end":{"line":87,"column":23}},"loc":{"start":{"line":87,"column":47},"end":{"line":111,"column":5}},"line":87},"15":{"name":"(anonymous_15)","decl":{"start":{"line":108,"column":27},"end":{"line":108,"column":28}},"loc":{"start":{"line":108,"column":33},"end":{"line":108,"column":64}},"line":108}},"branchMap":{"0":{"loc":{"start":{"line":6,"column":16},"end":{"line":6,"column":34}},"type":"binary-expr","locations":[{"start":{"line":6,"column":16},"end":{"line":6,"column":28}},{"start":{"line":6,"column":32},"end":{"line":6,"column":34}}],"line":6},"1":{"loc":{"start":{"line":13,"column":8},"end":{"line":19,"column":9}},"type":"if","locations":[{"start":{"line":13,"column":8},"end":{"line":19,"column":9}},{"start":{"line":13,"column":8},"end":{"line":19,"column":9}}],"line":13},"2":{"loc":{"start":{"line":13,"column":12},"end":{"line":16,"column":53}},"type":"binary-expr","locations":[{"start":{"line":13,"column":12},"end":{"line":13,"column":36}},{"start":{"line":14,"column":12},"end":{"line":14,"column":26}},{"start":{"line":15,"column":12},"end":{"line":15,"column":29}},{"start":{"line":16,"column":12},"end":{"line":16,"column":53}}],"line":13},"3":{"loc":{"start":{"line":25,"column":8},"end":{"line":27,"column":9}},"type":"if","locations":[{"start":{"line":25,"column":8},"end":{"line":27,"column":9}},{"start":{"line":25,"column":8},"end":{"line":27,"column":9}}],"line":25},"4":{"loc":{"start":{"line":29,"column":8},"end":{"line":31,"column":9}},"type":"if","locations":[{"start":{"line":29,"column":8},"end":{"line":31,"column":9}},{"start":{"line":29,"column":8},"end":{"line":31,"column":9}}],"line":29},"5":{"loc":{"start":{"line":35,"column":8},"end":{"line":37,"column":9}},"type":"if","locations":[{"start":{"line":35,"column":8},"end":{"line":37,"column":9}},{"start":{"line":35,"column":8},"end":{"line":37,"column":9}}],"line":35},"6":{"loc":{"start":{"line":44,"column":8},"end":{"line":46,"column":9}},"type":"if","locations":[{"start":{"line":44,"column":8},"end":{"line":46,"column":9}},{"start":{"line":44,"column":8},"end":{"line":46,"column":9}}],"line":44},"7":{"loc":{"start":{"line":50,"column":8},"end":{"line":56,"column":9}},"type":"if","locations":[{"start":{"line":50,"column":8},"end":{"line":56,"column":9}},{"start":{"line":50,"column":8},"end":{"line":56,"column":9}}],"line":50},"8":{"loc":{"start":{"line":50,"column":12},"end":{"line":53,"column":53}},"type":"binary-expr","locations":[{"start":{"line":50,"column":12},"end":{"line":50,"column":36}},{"start":{"line":51,"column":12},"end":{"line":51,"column":26}},{"start":{"line":52,"column":12},"end":{"line":52,"column":29}},{"start":{"line":53,"column":12},"end":{"line":53,"column":53}}],"line":50},"9":{"loc":{"start":{"line":58,"column":8},"end":{"line":60,"column":9}},"type":"if","locations":[{"start":{"line":58,"column":8},"end":{"line":60,"column":9}},{"start":{"line":58,"column":8},"end":{"line":60,"column":9}}],"line":58},"10":{"loc":{"start":{"line":67,"column":12},"end":{"line":69,"column":13}},"type":"if","locations":[{"start":{"line":67,"column":12},"end":{"line":69,"column":13}},{"start":{"line":67,"column":12},"end":{"line":69,"column":13}}],"line":67},"11":{"loc":{"start":{"line":71,"column":12},"end":{"line":73,"column":13}},"type":"if","locations":[{"start":{"line":71,"column":12},"end":{"line":73,"column":13}},{"start":{"line":71,"column":12},"end":{"line":73,"column":13}}],"line":71},"12":{"loc":{"start":{"line":82,"column":8},"end":{"line":84,"column":9}},"type":"if","locations":[{"start":{"line":82,"column":8},"end":{"line":84,"column":9}},{"start":{"line":82,"column":8},"end":{"line":84,"column":9}}],"line":82},"13":{"loc":{"start":{"line":88,"column":8},"end":{"line":90,"column":9}},"type":"if","locations":[{"start":{"line":88,"column":8},"end":{"line":90,"column":9}},{"start":{"line":88,"column":8},"end":{"line":90,"column":9}}],"line":88},"14":{"loc":{"start":{"line":92,"column":8},"end":{"line":94,"column":9}},"type":"if","locations":[{"start":{"line":92,"column":8},"end":{"line":94,"column":9}},{"start":{"line":92,"column":8},"end":{"line":94,"column":9}}],"line":92},"15":{"loc":{"start":{"line":96,"column":8},"end":{"line":98,"column":9}},"type":"if","locations":[{"start":{"line":96,"column":8},"end":{"line":98,"column":9}},{"start":{"line":96,"column":8},"end":{"line":98,"column":9}}],"line":96}},"s":{"0":1,"1":1,"2":25,"3":1,"4":23,"5":23,"6":23,"7":37,"8":23,"9":14,"10":4,"11":13,"12":1,"13":2,"14":23,"15":10,"16":6,"17":4,"18":3,"19":3,"20":23,"21":9,"22":6,"23":3,"24":3,"25":3,"26":3,"27":1,"28":1,"29":23,"30":23,"31":32,"32":13,"33":10,"34":6,"35":4,"36":4,"37":4,"38":4,"39":12,"40":2,"41":12,"42":4,"43":8,"44":4,"45":4,"46":4,"47":2,"48":2,"49":23,"50":28,"51":6,"52":22,"53":6,"54":16,"55":15,"56":16,"57":16,"58":1,"59":16,"60":16,"61":1,"62":16,"63":23},"f":{"0":25,"1":23,"2":37,"3":14,"4":4,"5":2,"6":10,"7":3,"8":9,"9":1,"10":23,"11":32,"12":12,"13":2,"14":28,"15":1},"b":{"0":[23,1],"1":[13,1],"2":[14,8,4,3],"3":[6,4],"4":[3,1],"5":[6,3],"6":[1,2],"7":[13,10],"8":[23,17,13,12],"9":[6,4],"10":[2,10],"11":[4,8],"12":[2,2],"13":[6,22],"14":[6,16],"15":[15,1]},"_coverageSchema":"332fd63041d2c1bcb487cc26dd0d5f7d97098a6c","hash":"eb8b597b36e9f5fce8eb1300c28e90fd6e94dc13"}
}
