TN:
SF:/Users/brenton/Code/projects/brenton-store/src/index.js
FN:3,(anonymous_0)
FN:5,(anonymous_1)
FN:10,(anonymous_2)
FN:12,(anonymous_3)
FN:16,(anonymous_4)
FN:21,(anonymous_5)
FN:24,(anonymous_6)
FN:30,(anonymous_7)
FN:34,(anonymous_8)
FN:45,(anonymous_9)
FN:52,(anonymous_10)
FN:56,(anonymous_11)
FN:69,(anonymous_12)
FN:86,(anonymous_13)
FN:93,(anonymous_14)
FN:114,(anonymous_15)
FNF:16
FNH:16
FNDA:25,(anonymous_0)
FNDA:23,(anonymous_1)
FNDA:33,(anonymous_2)
FNDA:14,(anonymous_3)
FNDA:4,(anonymous_4)
FNDA:2,(anonymous_5)
FNDA:10,(anonymous_6)
FNDA:3,(anonymous_7)
FNDA:9,(anonymous_8)
FNDA:1,(anonymous_9)
FNDA:23,(anonymous_10)
FNDA:32,(anonymous_11)
FNDA:12,(anonymous_12)
FNDA:2,(anonymous_13)
FNDA:28,(anonymous_14)
FNDA:1,(anonymous_15)
DA:1,1
DA:3,25
DA:5,1
DA:6,23
DA:8,23
DA:10,33
DA:12,23
DA:13,14
DA:16,4
DA:18,13
DA:21,2
DA:24,23
DA:25,10
DA:26,6
DA:29,4
DA:30,3
DA:34,23
DA:35,9
DA:36,6
DA:39,3
DA:40,3
DA:42,3
DA:44,3
DA:45,1
DA:52,23
DA:53,23
DA:56,32
DA:58,13
DA:61,10
DA:62,6
DA:65,4
DA:66,4
DA:68,4
DA:69,4
DA:70,12
DA:71,2
DA:74,12
DA:75,4
DA:78,8
DA:81,4
DA:83,4
DA:85,4
DA:86,2
DA:93,23
DA:94,28
DA:95,6
DA:98,22
DA:99,6
DA:102,16
DA:103,15
DA:106,16
DA:108,16
DA:109,1
DA:112,16
DA:114,16
DA:116,16
DA:119,23
LF:57
LH:57
BRDA:6,0,0,23
BRDA:6,0,1,1
BRDA:13,1,0,13
BRDA:13,1,1,1
BRDA:13,2,0,14
BRDA:13,2,1,8
BRDA:13,2,2,4
BRDA:13,2,3,3
BRDA:25,3,0,6
BRDA:25,3,1,4
BRDA:29,4,0,3
BRDA:29,4,1,1
BRDA:35,5,0,6
BRDA:35,5,1,3
BRDA:44,6,0,1
BRDA:44,6,1,2
BRDA:53,7,0,13
BRDA:53,7,1,10
BRDA:53,8,0,23
BRDA:53,8,1,17
BRDA:53,8,2,13
BRDA:53,8,3,12
BRDA:61,9,0,6
BRDA:61,9,1,4
BRDA:70,10,0,2
BRDA:70,10,1,10
BRDA:74,11,0,4
BRDA:74,11,1,8
BRDA:85,12,0,2
BRDA:85,12,1,2
BRDA:94,13,0,6
BRDA:94,13,1,22
BRDA:98,14,0,6
BRDA:98,14,1,16
BRDA:102,15,0,15
BRDA:102,15,1,1
BRF:36
BRH:36
end_of_record
